<?xml version="1.0" encoding="UTF-8"?>
<!-- Generated by org.testng.reporters.JUnitReportReporter -->
<testsuite hostname="WINDOWS-RM6RKV3" failures="0" tests="2" name="PageObjectTest.LoginTest" time="33.397" errors="0" timestamp="2021-08-11T23:28:40 IST" skipped="0">
  <testcase classname="PageObjectTest.LoginTest" name="emailLogin" time="10.723"/>
  <system-out/>
  <testcase classname="PageObjectTest.LoginTest" name="Home" time="22.674"/>
  <system-out/>
</testsuite> <!-- PageObjectTest.LoginTest -->
